#
# There is insufficient memory for the Java Runtime Environment to continue.
# Native memory allocation (malloc) failed to allocate 1048576 bytes for AllocateHeap
# Possible reasons:
#   The system is out of physical RAM or swap space
#   In 32 bit mode, the process size limit was hit
# Possible solutions:
#   Reduce memory load on the system
#   Increase physical memory or swap space
#   Check if swap backing store is full
#   Use 64 bit Java on a 64 bit OS
#   Decrease Java heap size (-Xmx/-Xms)
#   Decrease number of Java threads
#   Decrease Java thread stack sizes (-Xss)
#   Set larger code cache with -XX:ReservedCodeCacheSize=
# This output file may be truncated or incomplete.
#
#  Out of Memory Error (memory/allocation.inline.hpp:61), pid=23952, tid=23728
#
# JRE version:  (8.0_77-b03) (build )
# Java VM: Java HotSpot(TM) 64-Bit Server VM (25.77-b03 mixed mode windows-amd64 compressed oops)
# Failed to write core dump. Minidumps are not enabled by default on client versions of Windows
#

---------------  T H R E A D  ---------------

Current thread (0x00000000030d0800):  JavaThread "Unknown thread" [_thread_in_vm, id=23728, stack(0x0000000002fd0000,0x00000000030d0000)]

Stack: [0x0000000002fd0000,0x00000000030d0000]
[error occurred during error reporting (printing stack bounds), id 0xc0000005]

Native frames: (J=compiled Java code, j=interpreted, Vv=VM code, C=native code)


---------------  P R O C E S S  ---------------

Java Threads: ( => current thread )

Other Threads:

=>0x00000000030d0800 (exited) JavaThread "Unknown thread" [_thread_in_vm, id=23728, stack(0x0000000002fd0000,0x00000000030d0000)]

VM state:not at safepoint (normal execution)

VM Mutex/Monitor currently owned by a thread: None

Heap:
 PSYoungGen      total 38400K, used 665K [0x00000000d5e00000, 0x00000000d8880000, 0x0000000100000000)
  eden space 33280K, 2% used [0x00000000d5e00000,0x00000000d5ea6670,0x00000000d7e80000)
  from space 5120K, 0% used [0x00000000d8380000,0x00000000d8380000,0x00000000d8880000)
  to   space 5120K, 0% used [0x00000000d7e80000,0x00000000d7e80000,0x00000000d8380000)
 ParOldGen       total 87552K, used 0K [0x0000000081a00000, 0x0000000086f80000, 0x00000000d5e00000)
  object space 87552K, 0% used [0x0000000081a00000,0x0000000081a00000,0x0000000086f80000)
 Metaspace       used 746K, capacity 4480K, committed 4480K, reserved 1056768K
  class space    used 75K, capacity 384K, committed 384K, reserved 1048576K

Card table byte_map: [0x0000000012590000,0x0000000012990000] byte_map_base: 0x0000000012183000

Marking Bits: (ParMarkBitMap*) 0x0000000077f80600
 Begin Bits: [0x0000000013040000, 0x0000000014fd8000)
 End Bits:   [0x0000000014fd8000, 0x0000000016f70000)

Polling page: 0x0000000001410000

CodeCache: size=245760Kb used=328Kb max_used=328Kb free=245431Kb
 bounds [0x00000000031d0000, 0x0000000003440000, 0x00000000121d0000]
 total_blobs=58 nmethods=0 adapters=38
 compilation: enabled

Compilation events (0 events):
No events

GC Heap History (0 events):
No events

Deoptimization events (0 events):
No events

Internal exceptions (0 events):
No events

Events (10 events):
Event: 0.021 loading class java/lang/Short
Event: 0.021 loading class java/lang/Short done
Event: 0.021 loading class java/lang/Integer
Event: 0.021 loading class java/lang/Integer done
Event: 0.021 loading class java/lang/Long
Event: 0.021 loading class java/lang/Long done
Event: 0.022 loading class java/lang/NullPointerException
Event: 0.022 loading class java/lang/NullPointerException done
Event: 0.022 loading class java/lang/ArithmeticException
Event: 0.022 loading class java/lang/ArithmeticException done


Dynamic libraries:
0x00007ff74bb90000 - 0x00007ff74bbc7000 	C:\Program Files\Java\jre1.8.0_77\bin\javaw.exe
0x00007ff9d28c0000 - 0x00007ff9d2a82000 	C:\Windows\SYSTEM32\ntdll.dll
0x00007ff9d2740000 - 0x00007ff9d27ed000 	C:\Windows\system32\KERNEL32.DLL
0x00007ff9cfd70000 - 0x00007ff9cff4d000 	C:\Windows\system32\KERNELBASE.dll
0x00000000524a0000 - 0x0000000052529000 	C:\Windows\System32\SYSFER.DLL
0x00007ff9d03d0000 - 0x00007ff9d0476000 	C:\Windows\system32\ADVAPI32.dll
0x00007ff9d09e0000 - 0x00007ff9d0a7d000 	C:\Windows\system32\msvcrt.dll
0x00007ff9d0480000 - 0x00007ff9d04db000 	C:\Windows\system32\sechost.dll
0x00007ff9d0c30000 - 0x00007ff9d0d56000 	C:\Windows\system32\RPCRT4.dll
0x00007ff9cff50000 - 0x00007ff9d009e000 	C:\Windows\system32\USER32.dll
0x00007ff9d04f0000 - 0x00007ff9d0676000 	C:\Windows\system32\GDI32.dll
0x00007ff9cb430000 - 0x00007ff9cb6a4000 	C:\Windows\WinSxS\amd64_microsoft.windows.common-controls_6595b64144ccf1df_6.0.10240.16384_none_f41f7b285750ef43\COMCTL32.dll
0x00007ff9d0d60000 - 0x00007ff9d0d96000 	C:\Windows\system32\IMM32.DLL
0x00007ff9d0880000 - 0x00007ff9d09dc000 	C:\Windows\system32\MSCTF.dll
0x00000000507f0000 - 0x00000000508c2000 	C:\Program Files\Java\jre1.8.0_77\bin\msvcr100.dll
0x0000000077770000 - 0x0000000078000000 	C:\Program Files\Java\jre1.8.0_77\bin\server\jvm.dll
0x00007ff9d28b0000 - 0x00007ff9d28b8000 	C:\Windows\system32\PSAPI.DLL
0x00007ff9c1910000 - 0x00007ff9c1919000 	C:\Windows\SYSTEM32\WSOCK32.dll
0x00007ff9d0810000 - 0x00007ff9d0879000 	C:\Windows\system32\WS2_32.dll
0x00007ff9d0790000 - 0x00007ff9d0798000 	C:\Windows\system32\NSI.dll
0x00007ff9cd600000 - 0x00007ff9cd623000 	C:\Windows\SYSTEM32\WINMM.dll
0x00007ff9cbd70000 - 0x00007ff9cbd7a000 	C:\Windows\SYSTEM32\VERSION.dll
0x00007ff9cd570000 - 0x00007ff9cd59c000 	C:\Windows\SYSTEM32\WINMMBASE.dll
0x00007ff9cf4c0000 - 0x00007ff9cf504000 	C:\Windows\system32\cfgmgr32.dll
0x00007ff9cdb80000 - 0x00007ff9cdba7000 	C:\Windows\SYSTEM32\DEVOBJ.dll
0x00000000512b0000 - 0x00000000512bf000 	C:\Program Files\Java\jre1.8.0_77\bin\verify.dll
0x0000000051280000 - 0x00000000512a9000 	C:\Program Files\Java\jre1.8.0_77\bin\java.dll
0x0000000051260000 - 0x0000000051276000 	C:\Program Files\Java\jre1.8.0_77\bin\zip.dll

VM Arguments:
jvm_args: -Dfile.encoding=UTF-8 
java_command: SubmarineMain
java_class_path (initial): D:\Academic\JAVA\Project\bin
Launcher Type: SUN_STANDARD

Environment Variables:
CLASSPATH=.;C:\Program Files (x86)\Java\jre1.8.0_65\lib\ext\QTJava.zip
PATH=C:/Program Files/Java/jre1.8.0_77/bin/server;C:/Program Files/Java/jre1.8.0_77/bin;C:/Program Files/Java/jre1.8.0_77/lib/amd64;C:\Program Files (x86)\Embarcadero\Studio\18.0\bin;C:\Users\Public\Documents\Embarcadero\Studio\18.0\Bpl;C:\Program Files (x86)\Embarcadero\Studio\18.0\bin64;C:\Users\Public\Documents\Embarcadero\Studio\18.0\Bpl\Win64;D:\Perl64\site\bin;D:\Perl64\bin;C:\Perl64\site\bin;C:\Perl64\bin;C:\ProgramData\Oracle\Java\javapath;C:\Windows\system32;C:\Windows;C:\Windows\System32\Wbem;C:\Windows\System32\WindowsPowerShell\v1.0\;C:\Program Files (x86)\NVIDIA Corporation\PhysX\Common;C:\Program Files\MATLAB\R2013a\runtime\win64;C:\Program Files\MATLAB\R2013a\bin;C:\Program Files (x86)\QuickTime\QTSystem\;C:\Windows\system32\config\systemprofile\.dnx\bin;C:\Program Files\Microsoft DNX\Dnvm\;C:\Program Files (x86)\Windows Live\Shared;C:\Program Files (x86)\Git\cmd;C:\Program Files\Steel Bank Common Lisp\1.1.4.0.mswin.1288-90ab477\;C:\altera\15.0\modelsim_ase\win32aloem;C:\Modeltech_pe_edu_10.4a\win32pe_edu;C:\Program Files\swipl\bin;C:\eclipse-java-mars-1-win32-x86_64\eclipse;
USERNAME=Jeff
OS=Windows_NT
PROCESSOR_IDENTIFIER=Intel64 Family 6 Model 60 Stepping 3, GenuineIntel



---------------  S Y S T E M  ---------------

OS: Windows 10.0 , 64 bit Build 10240 (10.0.10240.16384)

CPU:total 4 (2 cores per cpu, 2 threads per core) family 6 model 60 stepping 3, cmov, cx8, fxsr, mmx, sse, sse2, sse3, ssse3, sse4.1, sse4.2, popcnt, avx, avx2, aes, clmul, erms, lzcnt, ht, tsc, tscinvbit, bmi1, bmi2

Memory: 4k page, physical 8277272k(1146056k free), swap 33443096k(5984k free)

vm_info: Java HotSpot(TM) 64-Bit Server VM (25.77-b03) for windows-amd64 JRE (1.8.0_77-b03), built on Mar 20 2016 22:01:33 by "java_re" with MS VC++ 10.0 (VS2010)

time: Wed May 25 22:11:26 2016
elapsed time: 0 seconds (0d 0h 0m 0s)

